[INFO  - 2017-03-26T09:03:14.113Z] GhostDriver - Main - running on port 56944
[INFO  - 2017-03-26T09:03:14.184Z] Session [0b4b8530-1203-11e7-bd42-1be53f39e41a] - page.settings - {"XSSAuditingEnabled":false,"javascriptCanCloseWindows":true,"javascriptCanOpenWindows":true,"javascriptEnabled":true,"loadImages":true,"localToRemoteUrlAccessEnabled":false,"userAgent":"Mozilla/5.0 (Macintosh; Intel Mac OS X) AppleWebKit/538.1 (KHTML, like Gecko) PhantomJS/2.1.1 Safari/538.1","webSecurityEnabled":true}
[INFO  - 2017-03-26T09:03:14.184Z] Session [0b4b8530-1203-11e7-bd42-1be53f39e41a] - page.customHeaders:  - {}
[INFO  - 2017-03-26T09:03:14.184Z] Session [0b4b8530-1203-11e7-bd42-1be53f39e41a] - Session.negotiatedCapabilities - {"browserName":"phantomjs","version":"2.1.1","driverName":"ghostdriver","driverVersion":"1.2.0","platform":"mac-10.11 (El Capitan)-64bit","javascriptEnabled":true,"takesScreenshot":true,"handlesAlerts":false,"databaseEnabled":false,"locationContextEnabled":false,"applicationCacheEnabled":false,"browserConnectionEnabled":false,"cssSelectorsEnabled":true,"webStorageEnabled":false,"rotatable":false,"acceptSslCerts":false,"nativeEvents":true,"proxy":{"proxyType":"direct"}}
[INFO  - 2017-03-26T09:03:14.184Z] SessionManagerReqHand - _postNewSessionCommand - New Session Created: 0b4b8530-1203-11e7-bd42-1be53f39e41a
[ERROR - 2017-03-26T09:03:53.231Z] Session [0b4b8530-1203-11e7-bd42-1be53f39e41a] - page.onError - msg: TypeError: undefined is not an object (evaluating 'c.nodeType')

  phantomjs://platform/console++.js:263 in error
[ERROR - 2017-03-26T09:03:53.233Z] Session [0b4b8530-1203-11e7-bd42-1be53f39e41a] - page.onError - stack:
  (anonymous function) (http://js.t.sinajs.cn/STK/js/gaea.1.09.js?v=:1)
  iptKeyup (http://js.t.sinajs.cn/t4/apps/microexp/js/newindex.js?v=:1)
  sendEvent (:0)
  _keyEvent (phantomjs://code/inputs.js:325)
  _pressKey (phantomjs://code/inputs.js:280)
  _sendKeys (phantomjs://code/inputs.js:237)
  _postValueCommand (phantomjs://code/webelement_request_handler.js:288)
  _handle (phantomjs://code/webelement_request_handler.js:72)
  _reroute (phantomjs://code/request_handler.js:61)
  _handle (phantomjs://code/session_request_handler.js:120)
  _reroute (phantomjs://code/request_handler.js:61)
  _handle (phantomjs://code/router_request_handler.js:78)

  phantomjs://platform/console++.js:263 in error
[ERROR - 2017-03-26T09:03:53.272Z] Session [0b4b8530-1203-11e7-bd42-1be53f39e41a] - page.onError - msg: TypeError: undefined is not an object (evaluating 'c.nodeType')

  phantomjs://platform/console++.js:263 in error
[ERROR - 2017-03-26T09:03:53.273Z] Session [0b4b8530-1203-11e7-bd42-1be53f39e41a] - page.onError - stack:
  (anonymous function) (http://js.t.sinajs.cn/STK/js/gaea.1.09.js?v=:1)
  iptKeyup (http://js.t.sinajs.cn/t4/apps/microexp/js/newindex.js?v=:1)
  sendEvent (:0)
  _keyEvent (phantomjs://code/inputs.js:325)
  _pressKey (phantomjs://code/inputs.js:280)
  _sendKeys (phantomjs://code/inputs.js:237)
  _postValueCommand (phantomjs://code/webelement_request_handler.js:288)
  _handle (phantomjs://code/webelement_request_handler.js:72)
  _reroute (phantomjs://code/request_handler.js:61)
  _handle (phantomjs://code/session_request_handler.js:120)
  _reroute (phantomjs://code/request_handler.js:61)
  _handle (phantomjs://code/router_request_handler.js:78)

  phantomjs://platform/console++.js:263 in error
[ERROR - 2017-03-26T09:04:52.477Z] Session [0b4b8530-1203-11e7-bd42-1be53f39e41a] - page.onError - msg: ReferenceError: Can't find variable: data

  phantomjs://platform/console++.js:263 in error
[ERROR - 2017-03-26T09:04:52.477Z] Session [0b4b8530-1203-11e7-bd42-1be53f39e41a] - page.onError - stack:
  (anonymous function) (http://js.t.sinajs.cn/STK/js/gaea_1_15.js?v=201603221715:1)

  phantomjs://platform/console++.js:263 in error
